<!DOCTYPE HTML PUBLIC "-//W3C//DTD HTML 4.01//EN" "http://www.w3.org/TR/html4/strict.dtd">
<html>
<head>
<meta http-equiv="Content-Type" content="text/html; charset=utf-8"/>
<title>Test results - Class com.amaze.filemanager.test.TestClasses.BookMarkTests</title>
<link href="css/base-style.css" rel="stylesheet" type="text/css"/>
<link href="css/style.css" rel="stylesheet" type="text/css"/>
<script src="js/report.js" type="text/javascript"></script>
</head>
<body>
<div id="content">
<h1>Class com.amaze.filemanager.test.TestClasses.BookMarkTests</h1>
<div class="breadcrumbs">
<a href="index.html">all</a> &gt; 
<a href="com.amaze.filemanager.test.TestClasses.html">com.amaze.filemanager.test.TestClasses</a> &gt; BookMarkTests</div>
<div id="summary">
<table>
<tr>
<td>
<div class="summaryGroup">
<table>
<tr>
<td>
<div class="infoBox" id="tests">
<div class="counter">1</div>
<p>tests</p>
</div>
</td>
<td>
<div class="infoBox" id="failures">
<div class="counter">1</div>
<p>failures</p>
</div>
</td>
<td>
<div class="infoBox" id="duration">
<div class="counter">6.022s</div>
<p>duration</p>
</div>
</td>
</tr>
</table>
</div>
</td>
<td>
<div class="infoBox failures" id="successRate">
<div class="percent">0%</div>
<p>successful</p>
</div>
</td>
</tr>
</table>
</div>
<div id="tabs">
<ul class="tabLinks">
<li>
<a href="#tab0">Failed tests</a>
</li>
<li>
<a href="#tab1">Tests</a>
</li>
</ul>
<div id="tab0" class="tab">
<h2>Failed tests</h2>
<div class="test">
<a name="testBookmarking"></a>
<h3 class="failures">testBookmarking</h3>
<span class="code">
<pre>android.support.test.espresso.PerformException: Error performing 'performing ViewAction: Click on overflow button on item matching: holder with view: has descendant: with text: is &quot;Testing&quot;' on view '(with id: com.amaze.filemanager:id/listView and is displayed on the screen to the user)'.
at android.support.test.espresso.PerformException$Builder.build(PerformException.java:83)
at android.support.test.espresso.base.DefaultFailureHandler.getUserFriendlyError(DefaultFailureHandler.java:80)
at android.support.test.espresso.base.DefaultFailureHandler.handle(DefaultFailureHandler.java:56)
at android.support.test.espresso.ViewInteraction.runSynchronouslyOnUiThread(ViewInteraction.java:184)
at android.support.test.espresso.ViewInteraction.doPerform(ViewInteraction.java:115)
at android.support.test.espresso.ViewInteraction.perform(ViewInteraction.java:87)
at com.amaze.filemanager.test.Utilities.Utils.addFileToBookMarks(Utils.java:139)
at com.amaze.filemanager.test.TestClasses.BookMarkTests.testBookmarking(BookMarkTests.java:51)
at java.lang.reflect.Method.invoke(Native Method)
at org.junit.runners.model.FrameworkMethod$1.runReflectiveCall(FrameworkMethod.java:50)
at org.junit.internal.runners.model.ReflectiveCallable.run(ReflectiveCallable.java:12)
at org.junit.runners.model.FrameworkMethod.invokeExplosively(FrameworkMethod.java:47)
at org.junit.internal.runners.statements.InvokeMethod.evaluate(InvokeMethod.java:17)
at org.junit.internal.runners.statements.RunBefores.evaluate(RunBefores.java:26)
at android.support.test.internal.statement.UiThreadStatement.evaluate(UiThreadStatement.java:55)
at android.support.test.rule.ActivityTestRule$ActivityStatement.evaluate(ActivityTestRule.java:270)
at org.junit.rules.RunRules.evaluate(RunRules.java:20)
at org.junit.runners.ParentRunner.runLeaf(ParentRunner.java:325)
at org.junit.runners.BlockJUnit4ClassRunner.runChild(BlockJUnit4ClassRunner.java:78)
at org.junit.runners.BlockJUnit4ClassRunner.runChild(BlockJUnit4ClassRunner.java:57)
at org.junit.runners.ParentRunner$3.run(ParentRunner.java:290)
at org.junit.runners.ParentRunner$1.schedule(ParentRunner.java:71)
at org.junit.runners.ParentRunner.runChildren(ParentRunner.java:288)
at org.junit.runners.ParentRunner.access$000(ParentRunner.java:58)
at org.junit.runners.ParentRunner$2.evaluate(ParentRunner.java:268)
at org.junit.runners.ParentRunner.run(ParentRunner.java:363)
at org.junit.runners.Suite.runChild(Suite.java:128)
at org.junit.runners.Suite.runChild(Suite.java:27)
at org.junit.runners.ParentRunner$3.run(ParentRunner.java:290)
at org.junit.runners.ParentRunner$1.schedule(ParentRunner.java:71)
at org.junit.runners.ParentRunner.runChildren(ParentRunner.java:288)
at org.junit.runners.ParentRunner.access$000(ParentRunner.java:58)
at org.junit.runners.ParentRunner$2.evaluate(ParentRunner.java:268)
at org.junit.runners.ParentRunner.run(ParentRunner.java:363)
at org.junit.runner.JUnitCore.run(JUnitCore.java:137)
at org.junit.runner.JUnitCore.run(JUnitCore.java:115)
at android.support.test.internal.runner.TestExecutor.execute(TestExecutor.java:59)
at android.support.test.runner.AndroidJUnitRunner.onStart(AndroidJUnitRunner.java:262)
at android.app.Instrumentation$InstrumentationThread.run(Instrumentation.java:1879)
Caused by: android.support.test.espresso.PerformException: Error performing 'scroll RecyclerView to: holder with view: has descendant: with text: is &quot;Testing&quot;' on view 'RecyclerView{id=2131689594, res-name=listView, visibility=VISIBLE, width=1080, height=1542, has-focus=false, has-focusable=true, has-window-focus=true, is-clickable=false, is-enabled=true, is-focused=false, is-focusable=true, is-layout-requested=false, is-selected=false, root-is-layout-requested=false, has-input-connection=false, x=0.0, y=0.0, child-count=7}'.
at android.support.test.espresso.PerformException$Builder.build(PerformException.java:83)
at android.support.test.espresso.contrib.RecyclerViewActions$ScrollToViewAction.perform(RecyclerViewActions.java:373)
at android.support.test.espresso.contrib.RecyclerViewActions$ActionOnItemViewAction.perform(RecyclerViewActions.java:226)
at android.support.test.espresso.ViewInteraction$1.run(ViewInteraction.java:144)
at java.util.concurrent.Executors$RunnableAdapter.call(Executors.java:423)
at java.util.concurrent.FutureTask.run(FutureTask.java:237)
at android.os.Handler.handleCallback(Handler.java:739)
at android.os.Handler.dispatchMessage(Handler.java:95)
at android.os.Looper.loop(Looper.java:148)
at android.app.ActivityThread.main(ActivityThread.java:5417)
at java.lang.reflect.Method.invoke(Native Method)
at com.android.internal.os.ZygoteInit$MethodAndArgsCaller.run(ZygoteInit.java:726)
at com.android.internal.os.ZygoteInit.main(ZygoteInit.java:616)
Caused by: java.lang.RuntimeException: Found 0 items matching holder with view: has descendant: with text: is &quot;Testing&quot;, but position -1 was requested.
at android.support.test.espresso.contrib.RecyclerViewActions$ScrollToViewAction.perform(RecyclerViewActions.java:357)
... 11 more
</pre>
</span>
</div>
</div>
<div id="tab1" class="tab">
<h2>Tests</h2>
<table>
<thead>
<tr>
<th>Test</th>
<th>Nexus 5X - 6.0</th>
</tr>
</thead>
<tr>
<td>testBookmarking</td>
<td class="failures">failed (6.022s)</td>
</tr>
</table>
</div>
</div>
<div id="footer">
<p>Generated by 
<a href="http://www.gradle.org">Gradle 2.10</a> at 15-Aug-2016 14:59:12</p>
</div>
</div>
</body>