<?xml version='1.0' encoding='UTF-8' ?>
<testsuite name="org.wikipedia.espresso_test.ArticleSearchTests" tests="9" failures="1" errors="0" skipped="0" time="93.454" timestamp="2016-09-18T19:37:37" hostname="localhost">
  <properties>
    <property name="device" value="Nexus 5X - 6.0" />
    <property name="flavor" value="ALPHA" />
    <property name="project" value="app" />
  </properties>
  <testcase name="testSearchArticle_checkRecentsShown" classname="org.wikipedia.espresso_test.ArticleSearchTests" time="15.475">
    <failure>android.support.test.espresso.PerformException: Error performing 'load adapter data' on view 'with id: org.wikipedia.alpha:id/search_results_list'.
at android.support.test.espresso.PerformException$Builder.build(PerformException.java:83)
at android.support.test.espresso.base.DefaultFailureHandler.getUserFriendlyError(DefaultFailureHandler.java:80)
at android.support.test.espresso.base.DefaultFailureHandler.handle(DefaultFailureHandler.java:56)
at android.support.test.espresso.ViewInteraction.runSynchronouslyOnUiThread(ViewInteraction.java:184)
at android.support.test.espresso.ViewInteraction.doPerform(ViewInteraction.java:115)
at android.support.test.espresso.ViewInteraction.perform(ViewInteraction.java:87)
at android.support.test.espresso.DataInteraction.load(DataInteraction.java:151)
at android.support.test.espresso.DataInteraction.perform(DataInteraction.java:128)
at org.wikipedia.espresso_test.Utilities.Utils.searchAndOpenArticleWithName(Utils.java:49)
at org.wikipedia.espresso_test.ArticleSearchTests.testSearchArticle_checkRecentsShown(ArticleSearchTests.java:70)
at java.lang.reflect.Method.invoke(Native Method)
at org.junit.runners.model.FrameworkMethod$1.runReflectiveCall(FrameworkMethod.java:50)
at org.junit.internal.runners.model.ReflectiveCallable.run(ReflectiveCallable.java:12)
at org.junit.runners.model.FrameworkMethod.invokeExplosively(FrameworkMethod.java:47)
at org.junit.internal.runners.statements.InvokeMethod.evaluate(InvokeMethod.java:17)
at org.junit.internal.runners.statements.RunBefores.evaluate(RunBefores.java:26)
at org.junit.internal.runners.statements.RunAfters.evaluate(RunAfters.java:27)
at android.support.test.internal.statement.UiThreadStatement.evaluate(UiThreadStatement.java:55)
at android.support.test.rule.ActivityTestRule$ActivityStatement.evaluate(ActivityTestRule.java:270)
at org.junit.rules.RunRules.evaluate(RunRules.java:20)
at org.junit.runners.ParentRunner.runLeaf(ParentRunner.java:325)
at org.junit.runners.BlockJUnit4ClassRunner.runChild(BlockJUnit4ClassRunner.java:78)
at org.junit.runners.BlockJUnit4ClassRunner.runChild(BlockJUnit4ClassRunner.java:57)
at org.junit.runners.ParentRunner$3.run(ParentRunner.java:290)
at org.junit.runners.ParentRunner$1.schedule(ParentRunner.java:71)
at org.junit.runners.ParentRunner.runChildren(ParentRunner.java:288)
at org.junit.runners.ParentRunner.access$000(ParentRunner.java:58)
at org.junit.runners.ParentRunner$2.evaluate(ParentRunner.java:268)
at org.junit.runners.ParentRunner.run(ParentRunner.java:363)
at org.junit.runners.Suite.runChild(Suite.java:128)
at org.junit.runners.Suite.runChild(Suite.java:27)
at org.junit.runners.ParentRunner$3.run(ParentRunner.java:290)
at org.junit.runners.ParentRunner$1.schedule(ParentRunner.java:71)
at org.junit.runners.ParentRunner.runChildren(ParentRunner.java:288)
at org.junit.runners.ParentRunner.access$000(ParentRunner.java:58)
at org.junit.runners.ParentRunner$2.evaluate(ParentRunner.java:268)
at org.junit.runners.ParentRunner.run(ParentRunner.java:363)
at org.junit.runner.JUnitCore.run(JUnitCore.java:137)
at org.junit.runner.JUnitCore.run(JUnitCore.java:115)
at android.support.test.internal.runner.TestExecutor.execute(TestExecutor.java:59)
at android.support.test.runner.AndroidJUnitRunner.onStart(AndroidJUnitRunner.java:262)
at android.app.Instrumentation$InstrumentationThread.run(Instrumentation.java:1879)
Caused by: java.lang.RuntimeException: No data found matching: (an instance of org.wikipedia.search.SearchResult and with toString() is "Scotland") contained values: &lt;[Data: Google (class: org.wikipedia.search.SearchResult) token: 0, Data: Google_Chrome (class: org.wikipedia.search.SearchResult) token: 1, Data: Google_Search (class: org.wikipedia.search.SearchResult) token: 2, Data: Google_Play (class: org.wikipedia.search.SearchResult) token: 3, Data: Google_Earth (class: org.wikipedia.search.SearchResult) token: 4, Data: Google_Nexus (class: org.wikipedia.search.SearchResult) token: 5, Data: Google_Drive (class: org.wikipedia.search.SearchResult) token: 6, Data: Google_Translate (class: org.wikipedia.search.SearchResult) token: 7, Data: Google+ (class: org.wikipedia.search.SearchResult) token: 8, Data: Google_Books (class: org.wikipedia.search.SearchResult) token: 9, Data: Google_Glass (class: org.wikipedia.search.SearchResult) token: 10, Data: Google_Docs,_Sheets_and_Slides (class: org.wikipedia.search.SearchResult) token: 11, Data: Google_Voice (class: org.wikipedia.search.SearchResult) token: 12, Data: Google_Apps_for_Work (class: org.wikipedia.search.SearchResult) token: 13, Data: Google_Street_View_privacy_concerns (class: org.wikipedia.search.SearchResult) token: 14, Data: Google_Classroom (class: org.wikipedia.search.SearchResult) token: 15, Data: Google_Maps (class: org.wikipedia.search.SearchResult) token: 16, Data: Google_Street_View (class: org.wikipedia.search.SearchResult) token: 17, Data: Google_Fiber (class: org.wikipedia.search.SearchResult) token: 18, Data: Google_Videos (class: org.wikipedia.search.SearchResult) token: 19]&gt;
at android.support.test.espresso.action.AdapterDataLoaderAction.perform(AdapterDataLoaderAction.java:96)
at android.support.test.espresso.ViewInteraction$1.run(ViewInteraction.java:144)
at java.util.concurrent.Executors$RunnableAdapter.call(Executors.java:423)
at java.util.concurrent.FutureTask.run(FutureTask.java:237)
at android.os.Handler.handleCallback(Handler.java:739)
at android.os.Handler.dispatchMessage(Handler.java:95)
at android.os.Looper.loop(Looper.java:148)
at android.app.ActivityThread.main(ActivityThread.java:5417)
at java.lang.reflect.Method.invoke(Native Method)
at com.android.internal.os.ZygoteInit$MethodAndArgsCaller.run(ZygoteInit.java:726)
at com.android.internal.os.ZygoteInit.main(ZygoteInit.java:616)
</failure>
  </testcase>
  <testcase name="testSearchArticle_checkTitleShown" classname="org.wikipedia.espresso_test.ArticleSearchTests" time="5.876" />
  <testcase name="testScrollingToC_clickSubHeading" classname="org.wikipedia.espresso_test.ArticleTests" time="6.139" />
  <testcase name="testHistory" classname="org.wikipedia.espresso_test.HistoryTests" time="13.927" />
  <testcase name="testChangeLanguageInSearch" classname="org.wikipedia.espresso_test.LanguageTests" time="12.82" />
  <testcase name="testChangeLanguageInArticle" classname="org.wikipedia.espresso_test.LanguageTests" time="9.005" />
  <testcase name="testAddArticleToReadingList" classname="org.wikipedia.espresso_test.ReadingListTests" time="10.088" />
  <testcase name="testOpenToC_rotatePhone" classname="org.wikipedia.espresso_test.RotationTests" time="7.061" />
  <testcase name="testOpenMultipleTabs" classname="org.wikipedia.espresso_test.TabTests" time="12.853" />
</testsuite>