<?xml version='1.0' encoding='UTF-8' ?>
<testsuite name="org.wikipedia.uiautomator_tests.ArticleSearchTests" tests="15" failures="4" errors="0" skipped="3" time="338.256" timestamp="2016-08-23T06:40:29" hostname="localhost">
  <properties>
    <property name="device" value="Nexus 5X - 6.0" />
    <property name="flavor" value="ALPHA" />
    <property name="project" value="app" />
  </properties>
  <testcase name="testSearchArticle_checkRecentsShown" classname="org.wikipedia.uiautomator_tests.ArticleSearchTests" time="43.197" />
  <testcase name="testSearchArticle_checkTitleShown" classname="org.wikipedia.uiautomator_tests.ArticleSearchTests" time="9.423" />
  <testcase name="testScrollingToC_clickSubHeading" classname="org.wikipedia.uiautomator_tests.ArticleTests" time="16.698" />
  <testcase name="testClickLink_partialText_assertPreviewShown" classname="org.wikipedia.uiautomator_tests.ArticleTests" time="0.001">
    <skipped />
  </testcase>
  <testcase name="testOpeningAndClosingReferences" classname="org.wikipedia.uiautomator_tests.ArticleTests" time="0.0">
    <skipped />
  </testcase>
  <testcase name="testClickLink_fullText_assertPreviewShown" classname="org.wikipedia.uiautomator_tests.ArticleTests" time="25.665">
    <failure>java.lang.NullPointerException: Attempt to invoke virtual method 'void android.support.test.uiautomator.UiObject2.click()' on a null object reference
at org.wikipedia.uiautomator_tests.ArticleTests.testClickLink_fullText_assertPreviewShown(ArticleTests.java:98)
at java.lang.reflect.Method.invoke(Native Method)
at org.junit.runners.model.FrameworkMethod$1.runReflectiveCall(FrameworkMethod.java:50)
at org.junit.internal.runners.model.ReflectiveCallable.run(ReflectiveCallable.java:12)
at org.junit.runners.model.FrameworkMethod.invokeExplosively(FrameworkMethod.java:47)
at org.junit.internal.runners.statements.InvokeMethod.evaluate(InvokeMethod.java:17)
at org.junit.internal.runners.statements.FailOnTimeout$CallableStatement.call(FailOnTimeout.java:298)
at org.junit.internal.runners.statements.FailOnTimeout$CallableStatement.call(FailOnTimeout.java:292)
at java.util.concurrent.FutureTask.run(FutureTask.java:237)
at java.lang.Thread.run(Thread.java:818)
</failure>
  </testcase>
  <testcase name="testTableOfContents_checkSubTitles" classname="org.wikipedia.uiautomator_tests.ArticleTests" time="0.0">
    <skipped />
  </testcase>
  <testcase name="testHistory" classname="org.wikipedia.uiautomator_tests.HistoryTests" time="35.919">
    <failure>java.lang.NullPointerException: Attempt to invoke virtual method 'void android.support.test.uiautomator.UiObject2.click()' on a null object reference
at org.wikipedia.uiautomator_tests.Utils.Utils.openSearchFromArticle(Utils.java:48)
at org.wikipedia.uiautomator_tests.HistoryTests.testHistory(HistoryTests.java:32)
at java.lang.reflect.Method.invoke(Native Method)
at org.junit.runners.model.FrameworkMethod$1.runReflectiveCall(FrameworkMethod.java:50)
at org.junit.internal.runners.model.ReflectiveCallable.run(ReflectiveCallable.java:12)
at org.junit.runners.model.FrameworkMethod.invokeExplosively(FrameworkMethod.java:47)
at org.junit.internal.runners.statements.InvokeMethod.evaluate(InvokeMethod.java:17)
at org.junit.internal.runners.statements.FailOnTimeout$CallableStatement.call(FailOnTimeout.java:298)
at org.junit.internal.runners.statements.FailOnTimeout$CallableStatement.call(FailOnTimeout.java:292)
at java.util.concurrent.FutureTask.run(FutureTask.java:237)
at java.lang.Thread.run(Thread.java:818)
</failure>
  </testcase>
  <testcase name="testChangeLanguageInSearch" classname="org.wikipedia.uiautomator_tests.LanguageTests" time="22.056" />
  <testcase name="testChangeLanguageInArticle" classname="org.wikipedia.uiautomator_tests.LanguageTests" time="92.92">
    <failure>org.junit.runners.model.TestTimedOutException: test timed out after 90000 milliseconds
at java.lang.Thread.sleep(Native Method)
at java.lang.Thread.sleep(Thread.java:1031)
at java.lang.Thread.sleep(Thread.java:985)
at android.os.SystemClock.sleep(SystemClock.java:120)
at android.support.test.uiautomator.WaitMixin.wait(WaitMixin.java:48)
at android.support.test.uiautomator.WaitMixin.wait(WaitMixin.java:34)
at android.support.test.uiautomator.UiDevice.wait(UiDevice.java:187)
at org.wikipedia.uiautomator_tests.Utils.Utils.assertArticleTitleContains(Utils.java:30)
at org.wikipedia.uiautomator_tests.LanguageTests.testChangeLanguageInArticle(LanguageTests.java:61)
at java.lang.reflect.Method.invoke(Native Method)
at org.junit.runners.model.FrameworkMethod$1.runReflectiveCall(FrameworkMethod.java:50)
at org.junit.internal.runners.model.ReflectiveCallable.run(ReflectiveCallable.java:12)
at org.junit.runners.model.FrameworkMethod.invokeExplosively(FrameworkMethod.java:47)
at org.junit.internal.runners.statements.InvokeMethod.evaluate(InvokeMethod.java:17)
at org.junit.internal.runners.statements.FailOnTimeout$CallableStatement.call(FailOnTimeout.java:298)
at org.junit.internal.runners.statements.FailOnTimeout$CallableStatement.call(FailOnTimeout.java:292)
at java.util.concurrent.FutureTask.run(FutureTask.java:237)
at java.lang.Thread.run(Thread.java:818)
</failure>
  </testcase>
  <testcase name="testAddArticleToReadingList" classname="org.wikipedia.uiautomator_tests.ReadingListTests" time="18.461" />
  <testcase name="testOpenToC_rotatePhone" classname="org.wikipedia.uiautomator_tests.RotationTests" time="12.484" />
  <testcase name="testOpenTab_rotatePhone" classname="org.wikipedia.uiautomator_tests.RotationTests" time="15.642" />
  <testcase name="testOpenMultipleTabs" classname="org.wikipedia.uiautomator_tests.TabTests" time="31.135" />
  <testcase name="testOpenArticleInNewTab" classname="org.wikipedia.uiautomator_tests.TabTests" time="13.826">
    <failure>java.lang.AssertionError:
Expected: a string starting with "Artificial intelligence (video games)"
but: was "Final Fantasy XII
Video game"
at org.hamcrest.MatcherAssert.assertThat(MatcherAssert.java:20)
at org.hamcrest.MatcherAssert.assertThat(MatcherAssert.java:8)
at org.wikipedia.uiautomator_tests.Utils.Utils.assertArticleTitleContains(Utils.java:34)
at org.wikipedia.uiautomator_tests.TabTests.testOpenArticleInNewTab(TabTests.java:90)
at java.lang.reflect.Method.invoke(Native Method)
at org.junit.runners.model.FrameworkMethod$1.runReflectiveCall(FrameworkMethod.java:50)
at org.junit.internal.runners.model.ReflectiveCallable.run(ReflectiveCallable.java:12)
at org.junit.runners.model.FrameworkMethod.invokeExplosively(FrameworkMethod.java:47)
at org.junit.internal.runners.statements.InvokeMethod.evaluate(InvokeMethod.java:17)
at org.junit.internal.runners.statements.FailOnTimeout$CallableStatement.call(FailOnTimeout.java:298)
at org.junit.internal.runners.statements.FailOnTimeout$CallableStatement.call(FailOnTimeout.java:292)
at java.util.concurrent.FutureTask.run(FutureTask.java:237)
at java.lang.Thread.run(Thread.java:818)
</failure>
  </testcase>
</testsuite>