<?xml version='1.0' encoding='UTF-8' ?>
<testsuite name="org.wikipedia.uiautomator_tests.ArticleSearchTests" tests="9" failures="2" errors="0" skipped="0" time="242.693" timestamp="2016-09-22T06:31:04" hostname="localhost">
  <properties>
    <property name="device" value="Nexus 5X - 6.0" />
    <property name="flavor" value="ALPHA" />
    <property name="project" value="app" />
  </properties>
  <testcase name="testSearchArticle_checkRecentsShown" classname="org.wikipedia.uiautomator_tests.ArticleSearchTests" time="41.425" />
  <testcase name="testSearchArticle_checkTitleShown" classname="org.wikipedia.uiautomator_tests.ArticleSearchTests" time="9.448" />
  <testcase name="testScrollingToC_clickSubHeading" classname="org.wikipedia.uiautomator_tests.ArticleTests" time="23.419">
    <failure>android.support.test.uiautomator.UiObjectNotFoundException: UiSelector[RESOURCE_ID=org.wikipedia.alpha:id/page_toc_list]
at android.support.test.uiautomator.UiScrollable.scrollBackward(UiScrollable.java:496)
at android.support.test.uiautomator.UiScrollable.scrollToBeginning(UiScrollable.java:544)
at android.support.test.uiautomator.UiScrollable.scrollToBeginning(UiScrollable.java:563)
at android.support.test.uiautomator.UiScrollable.scrollIntoView(UiScrollable.java:265)
at android.support.test.uiautomator.UiScrollable.getChildByText(UiScrollable.java:213)
at android.support.test.uiautomator.UiScrollable.getChildByText(UiScrollable.java:190)
at org.wikipedia.uiautomator_tests.ArticleTests.testScrollingToC_clickSubHeading(ArticleTests.java:46)
at java.lang.reflect.Method.invoke(Native Method)
at org.junit.runners.model.FrameworkMethod$1.runReflectiveCall(FrameworkMethod.java:50)
at org.junit.internal.runners.model.ReflectiveCallable.run(ReflectiveCallable.java:12)
at org.junit.runners.model.FrameworkMethod.invokeExplosively(FrameworkMethod.java:47)
at org.junit.internal.runners.statements.InvokeMethod.evaluate(InvokeMethod.java:17)
at org.junit.internal.runners.statements.FailOnTimeout$CallableStatement.call(FailOnTimeout.java:298)
at org.junit.internal.runners.statements.FailOnTimeout$CallableStatement.call(FailOnTimeout.java:292)
at java.util.concurrent.FutureTask.run(FutureTask.java:237)
at java.lang.Thread.run(Thread.java:818)
</failure>
  </testcase>
  <testcase name="testHistory" classname="org.wikipedia.uiautomator_tests.HistoryTests" time="41.403" />
  <testcase name="testChangeLanguageInSearch" classname="org.wikipedia.uiautomator_tests.LanguageTests" time="37.324" />
  <testcase name="testChangeLanguageInArticle" classname="org.wikipedia.uiautomator_tests.LanguageTests" time="20.418" />
  <testcase name="testAddArticleToReadingList" classname="org.wikipedia.uiautomator_tests.ReadingListTests" time="18.983">
    <failure>java.lang.NullPointerException: Attempt to invoke virtual method 'void android.support.test.uiautomator.UiObject2.click()' on a null object reference
at org.wikipedia.uiautomator_tests.ReadingListTests.testAddArticleToReadingList(ReadingListTests.java:57)
at java.lang.reflect.Method.invoke(Native Method)
at org.junit.runners.model.FrameworkMethod$1.runReflectiveCall(FrameworkMethod.java:50)
at org.junit.internal.runners.model.ReflectiveCallable.run(ReflectiveCallable.java:12)
at org.junit.runners.model.FrameworkMethod.invokeExplosively(FrameworkMethod.java:47)
at org.junit.internal.runners.statements.InvokeMethod.evaluate(InvokeMethod.java:17)
at org.junit.internal.runners.statements.FailOnTimeout$CallableStatement.call(FailOnTimeout.java:298)
at org.junit.internal.runners.statements.FailOnTimeout$CallableStatement.call(FailOnTimeout.java:292)
at java.util.concurrent.FutureTask.run(FutureTask.java:237)
at java.lang.Thread.run(Thread.java:818)
</failure>
  </testcase>
  <testcase name="testOpenToC_rotatePhone" classname="org.wikipedia.uiautomator_tests.RotationTests" time="15.909" />
  <testcase name="testOpenMultipleTabs" classname="org.wikipedia.uiautomator_tests.TabTests" time="34.036" />
</testsuite>